<?xml version="1.0" encoding="UTF-8"?>
<!-- Generated by org.testng.reporters.JUnitReportReporter -->
<testsuite hostname="Lakhan" failures="0" tests="1" name="Test.rightangletraingle" time="0.019" errors="0" timestamp="2022-11-25T09:29:07 IST" skipped="0">
  <testcase classname="Test.rightangletraingle" name="main" time="0.019"/>
  <system-out/>
</testsuite> <!-- Test.rightangletraingle -->
